<?xml version="1.0" encoding="UTF-8"?>
<!-- Generated by org.testng.reporters.JUnitReportReporter -->
<testsuite hostname="Athirahs-MacBook-Air.local" failures="0" tests="1" name="athirahrahmat.AppiumTest" time="16.147" errors="0" timestamp="2024-08-13T22:24:09 MYT" skipped="0">
  <testcase classname="athirahrahmat.AppiumTest" name="Test1" time="16.147"/>
</testsuite> <!-- athirahrahmat.AppiumTest -->
