<?xml version="1.0" encoding="UTF-8"?>
<!-- Generated by org.testng.reporters.JUnitReportReporter -->
<testsuite hostname="Athirahs-MacBook-Air.local" failures="0" tests="1" name="athirahrahmat.AppiumTest" time="7.275" errors="0" timestamp="2024-09-11T00:50:27 MYT" skipped="0">
  <testcase classname="athirahrahmat.AppiumTest" name="Test1" time="7.275"/>
</testsuite> <!-- athirahrahmat.AppiumTest -->
