<?xml version="1.0" encoding="UTF-8"?>
<!-- Generated by org.testng.reporters.JUnitReportReporter -->
<testsuite hostname="Athirahs-MacBook-Air.local" failures="0" tests="3" name="android.Views" time="24.872" errors="0" timestamp="2024-09-17T22:02:47 MYT" skipped="0">
  <testcase classname="android.Views" name="fiveStarsRatingBar" time="7.802"/>
  <testcase classname="android.Views" name="dragAndDropRedCircle" time="7.984"/>
  <testcase classname="android.Views" name="DatePickerAndTimeSpinner" time="9.086"/>
</testsuite> <!-- android.Views -->
