<?xml version="1.0" encoding="UTF-8"?>
<!-- Generated by org.testng.reporters.JUnitReportReporter -->
<testsuite hostname="Athirahs-MacBook-Air.local" failures="0" tests="1" name="athirahrahmat.iOSBasics" time="5.369" errors="0" timestamp="2024-09-12T01:58:59 MYT" skipped="0">
  <testcase classname="athirahrahmat.iOSBasics" name="DatePickerItem" time="5.369"/>
</testsuite> <!-- athirahrahmat.iOSBasics -->
