<?xml version="1.0" encoding="UTF-8"?>
<!-- Generated by org.testng.reporters.JUnitReportReporter -->
<testsuite hostname="Athirahs-MacBook-Air.local" failures="0" tests="3" name="athirahrahmat.Fragments" time="9.486" errors="0" timestamp="2024-09-11T03:24:51 MYT" skipped="0">
  <testcase classname="athirahrahmat.Fragments" name="fragmentPage" time="3.539"/>
  <testcase classname="athirahrahmat.Fragments" name="launchInternetWindow" time="3.540"/>
  <testcase classname="athirahrahmat.Fragments" name="listPreference" time="2.407"/>
</testsuite> <!-- athirahrahmat.Fragments -->
