<?xml version="1.0" encoding="UTF-8"?>
<!-- Generated by org.testng.reporters.JUnitReportReporter -->
<testsuite hostname="Athirahs-MacBook-Air.local" failures="0" tests="1" name="athirahrahmat.AppiumTest" time="7.242" errors="0" timestamp="2024-08-13T22:46:21 MYT" skipped="0">
  <testcase classname="athirahrahmat.AppiumTest" name="Test1" time="7.242"/>
</testsuite> <!-- athirahrahmat.AppiumTest -->
